2020-04-17 23:12:28.050  INFO 17497 --- [restartedMain] com.oni.server.OniServerApplication      : Starting OniServerApplication on aarti-IdeaPad with PID 17497 (/home/aarti/Development/projects/oni_applications/oni-server/target/classes started by aarti in /home/aarti/Development/projects/oni_applications/oni-server)
2020-04-17 23:12:28.055  INFO 17497 --- [restartedMain] com.oni.server.OniServerApplication      : No active profile set, falling back to default profiles: default
2020-04-17 23:12:28.365  INFO 17497 --- [restartedMain] o.s.b.devtools.restart.ChangeableUrls    : The Class-Path manifest attribute in /home/aarti/.m2/repository/org/glassfish/jaxb/jaxb-runtime/2.3.2/jaxb-runtime-2.3.2.jar referenced one or more files that do not exist: file:/home/aarti/.m2/repository/org/glassfish/jaxb/jaxb-runtime/2.3.2/jakarta.xml.bind-api-2.3.2.jar,file:/home/aarti/.m2/repository/org/glassfish/jaxb/jaxb-runtime/2.3.2/txw2-2.3.2.jar,file:/home/aarti/.m2/repository/org/glassfish/jaxb/jaxb-runtime/2.3.2/istack-commons-runtime-3.0.8.jar,file:/home/aarti/.m2/repository/org/glassfish/jaxb/jaxb-runtime/2.3.2/stax-ex-1.8.1.jar,file:/home/aarti/.m2/repository/org/glassfish/jaxb/jaxb-runtime/2.3.2/FastInfoset-1.2.16.jar,file:/home/aarti/.m2/repository/org/glassfish/jaxb/jaxb-runtime/2.3.2/jakarta.activation-api-1.2.1.jar
2020-04-17 23:12:28.365  INFO 17497 --- [restartedMain] .e.DevToolsPropertyDefaultsPostProcessor : Devtools property defaults active! Set 'spring.devtools.add-properties' to 'false' to disable
2020-04-17 23:12:28.366  INFO 17497 --- [restartedMain] .e.DevToolsPropertyDefaultsPostProcessor : For additional web related logging consider setting the 'logging.level.web' property to 'DEBUG'
2020-04-17 23:12:30.260  INFO 17497 --- [restartedMain] .s.d.r.c.RepositoryConfigurationDelegate : Bootstrapping Spring Data JPA repositories in DEFAULT mode.
2020-04-17 23:12:30.427  INFO 17497 --- [restartedMain] .s.d.r.c.RepositoryConfigurationDelegate : Finished Spring Data repository scanning in 139ms. Found 1 JPA repository interfaces.
2020-04-17 23:12:31.064  INFO 17497 --- [restartedMain] trationDelegate$BeanPostProcessorChecker : Bean 'org.springframework.transaction.annotation.ProxyTransactionManagementConfiguration' of type [org.springframework.transaction.annotation.ProxyTransactionManagementConfiguration] is not eligible for getting processed by all BeanPostProcessors (for example: not eligible for auto-proxying)
2020-04-17 23:12:31.422  INFO 17497 --- [restartedMain] o.s.b.w.embedded.tomcat.TomcatWebServer  : Tomcat initialized with port(s): 8080 (http)
2020-04-17 23:12:31.430  INFO 17497 --- [restartedMain] o.apache.catalina.core.StandardService   : Starting service [Tomcat]
2020-04-17 23:12:31.431  INFO 17497 --- [restartedMain] org.apache.catalina.core.StandardEngine  : Starting Servlet engine: [Apache Tomcat/9.0.30]
2020-04-17 23:12:31.547  INFO 17497 --- [restartedMain] o.a.c.c.C.[Tomcat].[localhost].[/]       : Initializing Spring embedded WebApplicationContext
2020-04-17 23:12:31.548  INFO 17497 --- [restartedMain] o.s.web.context.ContextLoader            : Root WebApplicationContext: initialization completed in 3182 ms
2020-04-17 23:12:31.918  INFO 17497 --- [restartedMain] o.hibernate.jpa.internal.util.LogHelper  : HHH000204: Processing PersistenceUnitInfo [name: default]
2020-04-17 23:12:32.067  INFO 17497 --- [restartedMain] org.hibernate.Version                    : HHH000412: Hibernate Core {5.4.10.Final}
2020-04-17 23:12:32.303  INFO 17497 --- [restartedMain] o.hibernate.annotations.common.Version   : HCANN000001: Hibernate Commons Annotations {5.1.0.Final}
2020-04-17 23:12:32.557  INFO 17497 --- [restartedMain] com.zaxxer.hikari.HikariDataSource       : HikariPool-1 - Starting...
2020-04-17 23:12:32.558  WARN 17497 --- [restartedMain] com.zaxxer.hikari.util.DriverDataSource  : Registered driver with driverClassName=com.mysql.jdbc.Driver was not found, trying direct instantiation.
2020-04-17 23:12:32.841  INFO 17497 --- [restartedMain] com.zaxxer.hikari.HikariDataSource       : HikariPool-1 - Start completed.
2020-04-17 23:12:32.851  INFO 17497 --- [restartedMain] org.hibernate.dialect.Dialect            : HHH000400: Using dialect: org.hibernate.dialect.MySQL5Dialect
2020-04-17 23:12:33.544  INFO 17497 --- [restartedMain] o.h.e.t.j.p.i.JtaPlatformInitiator       : HHH000490: Using JtaPlatform implementation: [org.hibernate.engine.transaction.jta.platform.internal.NoJtaPlatform]
2020-04-17 23:12:33.549  INFO 17497 --- [restartedMain] j.LocalContainerEntityManagerFactoryBean : Initialized JPA EntityManagerFactory for persistence unit 'default'
2020-04-17 23:12:33.582  INFO 17497 --- [restartedMain] o.s.b.d.a.OptionalLiveReloadServer       : LiveReload server is running on port 35729
2020-04-17 23:12:34.088  WARN 17497 --- [restartedMain] JpaBaseConfiguration$JpaWebConfiguration : spring.jpa.open-in-view is enabled by default. Therefore, database queries may be performed during view rendering. Explicitly configure spring.jpa.open-in-view to disable this warning
2020-04-17 23:12:34.227  INFO 17497 --- [restartedMain] pertySourcedRequestMappingHandlerMapping : Mapped URL path [/v2/api-docs] onto method [springfox.documentation.swagger2.web.Swagger2Controller#getDocumentation(String, HttpServletRequest)]
2020-04-17 23:12:34.379  INFO 17497 --- [restartedMain] o.s.s.concurrent.ThreadPoolTaskExecutor  : Initializing ExecutorService 'applicationTaskExecutor'
2020-04-17 23:12:34.548  INFO 17497 --- [restartedMain] d.s.w.p.DocumentationPluginsBootstrapper : Context refreshed
2020-04-17 23:12:34.564  INFO 17497 --- [restartedMain] d.s.w.p.DocumentationPluginsBootstrapper : Found 1 custom documentation plugin(s)
2020-04-17 23:12:34.594  INFO 17497 --- [restartedMain] s.d.s.w.s.ApiListingReferenceScanner     : Scanning for api listing references
2020-04-17 23:12:34.737  INFO 17497 --- [restartedMain] .d.s.w.r.o.CachingOperationNameGenerator : Generating unique operation named: findUsingGET_1
2020-04-17 23:12:34.805  INFO 17497 --- [restartedMain] o.s.b.w.embedded.tomcat.TomcatWebServer  : Tomcat started on port(s): 8080 (http) with context path ''
2020-04-17 23:12:34.809  INFO 17497 --- [restartedMain] com.oni.server.OniServerApplication      : Started OniServerApplication in 7.515 seconds (JVM running for 8.553)
2020-04-17 23:12:34.812  INFO 17497 --- [restartedMain] com.oni.server.OniServerApplication      : Oni Application Started ...
2020-04-17 23:13:04.131  INFO 17497 --- [http-nio-0.0.0.0-8080-exec-1] o.a.c.c.C.[Tomcat].[localhost].[/]       : Initializing Spring DispatcherServlet 'dispatcherServlet'
2020-04-17 23:13:04.132  INFO 17497 --- [http-nio-0.0.0.0-8080-exec-1] o.s.web.servlet.DispatcherServlet        : Initializing Servlet 'dispatcherServlet'
2020-04-17 23:13:04.140  INFO 17497 --- [http-nio-0.0.0.0-8080-exec-1] o.s.web.servlet.DispatcherServlet        : Completed initialization in 8 ms
2020-04-17 23:13:57.533  INFO 17497 --- [http-nio-0.0.0.0-8080-exec-9] c.o.server.endpoint.UploadFileResource   : /api/excel-upload url called with uploadPdfFile() method
2020-04-17 23:13:57.533  INFO 17497 --- [http-nio-0.0.0.0-8080-exec-9] c.o.s.s.i.util.ApachePOIExcelReaderUtil  : Processing Excel Row File ...  
2020-04-17 23:13:59.834  INFO 17497 --- [http-nio-0.0.0.0-8080-exec-9] c.o.s.s.i.util.ApachePOIExcelReaderUtil  : Processing for date ==> rowIndex=30 columnIndex = 22   cellValue=…
2020-04-17 23:13:59.905  INFO 17497 --- [http-nio-0.0.0.0-8080-exec-9] c.o.s.s.i.util.ApachePOIExcelReaderUtil  : Processing rowIndex=67 columnIndex = 12   cellValue=L68
2020-04-17 23:13:59.974  INFO 17497 --- [http-nio-0.0.0.0-8080-exec-9] c.o.s.s.i.util.ApachePOIExcelReaderUtil  : Processing for date ==> rowIndex=150 columnIndex = 22   cellValue=..
2020-04-17 23:14:00.031  INFO 17497 --- [http-nio-0.0.0.0-8080-exec-9] c.o.s.s.i.util.ApachePOIExcelReaderUtil  : Saving user list data to database ...  
2020-04-17 23:27:28.737  INFO 17497 --- [RMI TCP Connection(19)-127.0.0.1] inMXBeanRegistrar$SpringApplicationAdmin : Application shutdown requested.
2020-04-17 23:27:28.745  INFO 17497 --- [RMI TCP Connection(19)-127.0.0.1] o.s.s.concurrent.ThreadPoolTaskExecutor  : Shutting down ExecutorService 'applicationTaskExecutor'
2020-04-17 23:27:28.748  INFO 17497 --- [RMI TCP Connection(19)-127.0.0.1] j.LocalContainerEntityManagerFactoryBean : Closing JPA EntityManagerFactory for persistence unit 'default'
2020-04-17 23:27:28.748  INFO 17497 --- [RMI TCP Connection(19)-127.0.0.1] .SchemaDropperImpl$DelayedDropActionImpl : HHH000477: Starting delayed evictData of schema as part of SessionFactory shut-down'
2020-04-17 23:27:28.874  INFO 17497 --- [RMI TCP Connection(19)-127.0.0.1] com.zaxxer.hikari.HikariDataSource       : HikariPool-1 - Shutdown initiated...
2020-04-17 23:27:28.911  INFO 17497 --- [RMI TCP Connection(19)-127.0.0.1] com.zaxxer.hikari.HikariDataSource       : HikariPool-1 - Shutdown completed.
2020-04-17 23:47:53.720  INFO 19006 --- [restartedMain] com.oni.server.OniServerApplication      : Starting OniServerApplication on aarti-IdeaPad with PID 19006 (/home/aarti/Development/projects/oni_applications/oni-server/target/classes started by aarti in /home/aarti/Development/projects/oni_applications/oni-server)
2020-04-17 23:47:53.733  INFO 19006 --- [restartedMain] com.oni.server.OniServerApplication      : No active profile set, falling back to default profiles: default
2020-04-17 23:47:53.851  INFO 19006 --- [restartedMain] o.s.b.devtools.restart.ChangeableUrls    : The Class-Path manifest attribute in /home/aarti/.m2/repository/org/glassfish/jaxb/jaxb-runtime/2.3.2/jaxb-runtime-2.3.2.jar referenced one or more files that do not exist: file:/home/aarti/.m2/repository/org/glassfish/jaxb/jaxb-runtime/2.3.2/jakarta.xml.bind-api-2.3.2.jar,file:/home/aarti/.m2/repository/org/glassfish/jaxb/jaxb-runtime/2.3.2/txw2-2.3.2.jar,file:/home/aarti/.m2/repository/org/glassfish/jaxb/jaxb-runtime/2.3.2/istack-commons-runtime-3.0.8.jar,file:/home/aarti/.m2/repository/org/glassfish/jaxb/jaxb-runtime/2.3.2/stax-ex-1.8.1.jar,file:/home/aarti/.m2/repository/org/glassfish/jaxb/jaxb-runtime/2.3.2/FastInfoset-1.2.16.jar,file:/home/aarti/.m2/repository/org/glassfish/jaxb/jaxb-runtime/2.3.2/jakarta.activation-api-1.2.1.jar
2020-04-17 23:47:53.852  INFO 19006 --- [restartedMain] .e.DevToolsPropertyDefaultsPostProcessor : Devtools property defaults active! Set 'spring.devtools.add-properties' to 'false' to disable
2020-04-17 23:47:53.852  INFO 19006 --- [restartedMain] .e.DevToolsPropertyDefaultsPostProcessor : For additional web related logging consider setting the 'logging.level.web' property to 'DEBUG'
2020-04-17 23:47:54.921  INFO 19006 --- [restartedMain] .s.d.r.c.RepositoryConfigurationDelegate : Bootstrapping Spring Data JPA repositories in DEFAULT mode.
2020-04-17 23:47:54.998  INFO 19006 --- [restartedMain] .s.d.r.c.RepositoryConfigurationDelegate : Finished Spring Data repository scanning in 62ms. Found 1 JPA repository interfaces.
2020-04-17 23:47:55.333  INFO 19006 --- [restartedMain] trationDelegate$BeanPostProcessorChecker : Bean 'org.springframework.transaction.annotation.ProxyTransactionManagementConfiguration' of type [org.springframework.transaction.annotation.ProxyTransactionManagementConfiguration] is not eligible for getting processed by all BeanPostProcessors (for example: not eligible for auto-proxying)
2020-04-17 23:47:55.757  INFO 19006 --- [restartedMain] o.s.b.w.embedded.tomcat.TomcatWebServer  : Tomcat initialized with port(s): 8080 (http)
2020-04-17 23:47:55.770  INFO 19006 --- [restartedMain] o.apache.catalina.core.StandardService   : Starting service [Tomcat]
2020-04-17 23:47:55.771  INFO 19006 --- [restartedMain] org.apache.catalina.core.StandardEngine  : Starting Servlet engine: [Apache Tomcat/9.0.30]
2020-04-17 23:47:55.981  INFO 19006 --- [restartedMain] o.a.c.c.C.[Tomcat].[localhost].[/]       : Initializing Spring embedded WebApplicationContext
2020-04-17 23:47:55.981  INFO 19006 --- [restartedMain] o.s.web.context.ContextLoader            : Root WebApplicationContext: initialization completed in 2129 ms
2020-04-17 23:47:56.333  INFO 19006 --- [restartedMain] o.hibernate.jpa.internal.util.LogHelper  : HHH000204: Processing PersistenceUnitInfo [name: default]
2020-04-17 23:47:56.456  INFO 19006 --- [restartedMain] org.hibernate.Version                    : HHH000412: Hibernate Core {5.4.10.Final}
2020-04-17 23:47:56.653  INFO 19006 --- [restartedMain] o.hibernate.annotations.common.Version   : HCANN000001: Hibernate Commons Annotations {5.1.0.Final}
2020-04-17 23:47:56.955  INFO 19006 --- [restartedMain] com.zaxxer.hikari.HikariDataSource       : HikariPool-1 - Starting...
2020-04-17 23:47:56.956  WARN 19006 --- [restartedMain] com.zaxxer.hikari.util.DriverDataSource  : Registered driver with driverClassName=com.mysql.jdbc.Driver was not found, trying direct instantiation.
2020-04-17 23:47:57.587  INFO 19006 --- [restartedMain] com.zaxxer.hikari.HikariDataSource       : HikariPool-1 - Start completed.
2020-04-17 23:47:57.622  INFO 19006 --- [restartedMain] org.hibernate.dialect.Dialect            : HHH000400: Using dialect: org.hibernate.dialect.MySQL5Dialect
2020-04-17 23:47:58.525  INFO 19006 --- [restartedMain] o.h.e.t.j.p.i.JtaPlatformInitiator       : HHH000490: Using JtaPlatform implementation: [org.hibernate.engine.transaction.jta.platform.internal.NoJtaPlatform]
2020-04-17 23:47:58.534  INFO 19006 --- [restartedMain] j.LocalContainerEntityManagerFactoryBean : Initialized JPA EntityManagerFactory for persistence unit 'default'
2020-04-17 23:47:58.571  INFO 19006 --- [restartedMain] o.s.b.d.a.OptionalLiveReloadServer       : LiveReload server is running on port 35729
2020-04-17 23:47:59.238  WARN 19006 --- [restartedMain] JpaBaseConfiguration$JpaWebConfiguration : spring.jpa.open-in-view is enabled by default. Therefore, database queries may be performed during view rendering. Explicitly configure spring.jpa.open-in-view to disable this warning
2020-04-17 23:47:59.411  INFO 19006 --- [restartedMain] pertySourcedRequestMappingHandlerMapping : Mapped URL path [/v2/api-docs] onto method [springfox.documentation.swagger2.web.Swagger2Controller#getDocumentation(String, HttpServletRequest)]
2020-04-17 23:47:59.666  INFO 19006 --- [restartedMain] o.s.s.concurrent.ThreadPoolTaskExecutor  : Initializing ExecutorService 'applicationTaskExecutor'
2020-04-17 23:48:00.004  INFO 19006 --- [restartedMain] d.s.w.p.DocumentationPluginsBootstrapper : Context refreshed
2020-04-17 23:48:00.023  INFO 19006 --- [restartedMain] d.s.w.p.DocumentationPluginsBootstrapper : Found 1 custom documentation plugin(s)
2020-04-17 23:48:00.079  INFO 19006 --- [restartedMain] s.d.s.w.s.ApiListingReferenceScanner     : Scanning for api listing references
2020-04-17 23:48:00.416  INFO 19006 --- [restartedMain] .d.s.w.r.o.CachingOperationNameGenerator : Generating unique operation named: findUsingGET_1
2020-04-17 23:48:00.515  INFO 19006 --- [restartedMain] o.s.b.w.embedded.tomcat.TomcatWebServer  : Tomcat started on port(s): 8080 (http) with context path ''
2020-04-17 23:48:00.523  INFO 19006 --- [restartedMain] com.oni.server.OniServerApplication      : Started OniServerApplication in 7.367 seconds (JVM running for 8.24)
2020-04-17 23:48:00.529  INFO 19006 --- [restartedMain] com.oni.server.OniServerApplication      : Oni Application Started ...
2020-04-17 23:48:11.952  INFO 19006 --- [http-nio-0.0.0.0-8080-exec-1] o.a.c.c.C.[Tomcat].[localhost].[/]       : Initializing Spring DispatcherServlet 'dispatcherServlet'
2020-04-17 23:48:11.952  INFO 19006 --- [http-nio-0.0.0.0-8080-exec-1] o.s.web.servlet.DispatcherServlet        : Initializing Servlet 'dispatcherServlet'
2020-04-17 23:48:11.968  INFO 19006 --- [http-nio-0.0.0.0-8080-exec-1] o.s.web.servlet.DispatcherServlet        : Completed initialization in 16 ms
2020-04-17 23:49:32.012  INFO 19006 --- [RMI TCP Connection(4)-127.0.0.1] inMXBeanRegistrar$SpringApplicationAdmin : Application shutdown requested.
2020-04-17 23:49:32.016  INFO 19006 --- [RMI TCP Connection(4)-127.0.0.1] o.s.s.concurrent.ThreadPoolTaskExecutor  : Shutting down ExecutorService 'applicationTaskExecutor'
2020-04-17 23:49:32.018  INFO 19006 --- [RMI TCP Connection(4)-127.0.0.1] j.LocalContainerEntityManagerFactoryBean : Closing JPA EntityManagerFactory for persistence unit 'default'
2020-04-17 23:49:32.018  INFO 19006 --- [RMI TCP Connection(4)-127.0.0.1] .SchemaDropperImpl$DelayedDropActionImpl : HHH000477: Starting delayed evictData of schema as part of SessionFactory shut-down'
2020-04-17 23:49:32.043  INFO 19006 --- [RMI TCP Connection(4)-127.0.0.1] com.zaxxer.hikari.HikariDataSource       : HikariPool-1 - Shutdown initiated...
2020-04-17 23:49:32.059  INFO 19006 --- [RMI TCP Connection(4)-127.0.0.1] com.zaxxer.hikari.HikariDataSource       : HikariPool-1 - Shutdown completed.
2020-04-17 23:52:29.931  INFO 19266 --- [restartedMain] com.oni.server.OniServerApplication      : Starting OniServerApplication on aarti-IdeaPad with PID 19266 (/home/aarti/Development/projects/oni_applications/oni-server/target/classes started by aarti in /home/aarti/Development/projects/oni_applications/oni-server)
2020-04-17 23:52:29.934  INFO 19266 --- [restartedMain] com.oni.server.OniServerApplication      : No active profile set, falling back to default profiles: default
2020-04-17 23:52:29.997  INFO 19266 --- [restartedMain] o.s.b.devtools.restart.ChangeableUrls    : The Class-Path manifest attribute in /home/aarti/.m2/repository/org/glassfish/jaxb/jaxb-runtime/2.3.2/jaxb-runtime-2.3.2.jar referenced one or more files that do not exist: file:/home/aarti/.m2/repository/org/glassfish/jaxb/jaxb-runtime/2.3.2/jakarta.xml.bind-api-2.3.2.jar,file:/home/aarti/.m2/repository/org/glassfish/jaxb/jaxb-runtime/2.3.2/txw2-2.3.2.jar,file:/home/aarti/.m2/repository/org/glassfish/jaxb/jaxb-runtime/2.3.2/istack-commons-runtime-3.0.8.jar,file:/home/aarti/.m2/repository/org/glassfish/jaxb/jaxb-runtime/2.3.2/stax-ex-1.8.1.jar,file:/home/aarti/.m2/repository/org/glassfish/jaxb/jaxb-runtime/2.3.2/FastInfoset-1.2.16.jar,file:/home/aarti/.m2/repository/org/glassfish/jaxb/jaxb-runtime/2.3.2/jakarta.activation-api-1.2.1.jar
2020-04-17 23:52:29.999  INFO 19266 --- [restartedMain] .e.DevToolsPropertyDefaultsPostProcessor : Devtools property defaults active! Set 'spring.devtools.add-properties' to 'false' to disable
2020-04-17 23:52:30.000  INFO 19266 --- [restartedMain] .e.DevToolsPropertyDefaultsPostProcessor : For additional web related logging consider setting the 'logging.level.web' property to 'DEBUG'
2020-04-17 23:52:31.071  INFO 19266 --- [restartedMain] .s.d.r.c.RepositoryConfigurationDelegate : Bootstrapping Spring Data JPA repositories in DEFAULT mode.
2020-04-17 23:52:31.154  INFO 19266 --- [restartedMain] .s.d.r.c.RepositoryConfigurationDelegate : Finished Spring Data repository scanning in 67ms. Found 1 JPA repository interfaces.
2020-04-17 23:52:31.606  INFO 19266 --- [restartedMain] trationDelegate$BeanPostProcessorChecker : Bean 'org.springframework.transaction.annotation.ProxyTransactionManagementConfiguration' of type [org.springframework.transaction.annotation.ProxyTransactionManagementConfiguration] is not eligible for getting processed by all BeanPostProcessors (for example: not eligible for auto-proxying)
2020-04-17 23:52:31.885  INFO 19266 --- [restartedMain] o.s.b.w.embedded.tomcat.TomcatWebServer  : Tomcat initialized with port(s): 8080 (http)
2020-04-17 23:52:31.895  INFO 19266 --- [restartedMain] o.apache.catalina.core.StandardService   : Starting service [Tomcat]
2020-04-17 23:52:31.895  INFO 19266 --- [restartedMain] org.apache.catalina.core.StandardEngine  : Starting Servlet engine: [Apache Tomcat/9.0.30]
2020-04-17 23:52:32.024  INFO 19266 --- [restartedMain] o.a.c.c.C.[Tomcat].[localhost].[/]       : Initializing Spring embedded WebApplicationContext
2020-04-17 23:52:32.024  INFO 19266 --- [restartedMain] o.s.web.context.ContextLoader            : Root WebApplicationContext: initialization completed in 2024 ms
2020-04-17 23:52:32.240  INFO 19266 --- [restartedMain] o.hibernate.jpa.internal.util.LogHelper  : HHH000204: Processing PersistenceUnitInfo [name: default]
2020-04-17 23:52:32.321  INFO 19266 --- [restartedMain] org.hibernate.Version                    : HHH000412: Hibernate Core {5.4.10.Final}
2020-04-17 23:52:32.483  INFO 19266 --- [restartedMain] o.hibernate.annotations.common.Version   : HCANN000001: Hibernate Commons Annotations {5.1.0.Final}
2020-04-17 23:52:32.707  INFO 19266 --- [restartedMain] com.zaxxer.hikari.HikariDataSource       : HikariPool-1 - Starting...
2020-04-17 23:52:32.708  WARN 19266 --- [restartedMain] com.zaxxer.hikari.util.DriverDataSource  : Registered driver with driverClassName=com.mysql.jdbc.Driver was not found, trying direct instantiation.
2020-04-17 23:52:33.057  INFO 19266 --- [restartedMain] com.zaxxer.hikari.HikariDataSource       : HikariPool-1 - Start completed.
2020-04-17 23:52:33.067  INFO 19266 --- [restartedMain] org.hibernate.dialect.Dialect            : HHH000400: Using dialect: org.hibernate.dialect.MySQL5Dialect
2020-04-17 23:52:33.653  INFO 19266 --- [restartedMain] o.h.e.t.j.p.i.JtaPlatformInitiator       : HHH000490: Using JtaPlatform implementation: [org.hibernate.engine.transaction.jta.platform.internal.NoJtaPlatform]
2020-04-17 23:52:33.659  INFO 19266 --- [restartedMain] j.LocalContainerEntityManagerFactoryBean : Initialized JPA EntityManagerFactory for persistence unit 'default'
2020-04-17 23:52:33.689  INFO 19266 --- [restartedMain] o.s.b.d.a.OptionalLiveReloadServer       : LiveReload server is running on port 35729
2020-04-17 23:52:34.122  WARN 19266 --- [restartedMain] JpaBaseConfiguration$JpaWebConfiguration : spring.jpa.open-in-view is enabled by default. Therefore, database queries may be performed during view rendering. Explicitly configure spring.jpa.open-in-view to disable this warning
2020-04-17 23:52:34.302  INFO 19266 --- [restartedMain] pertySourcedRequestMappingHandlerMapping : Mapped URL path [/v2/api-docs] onto method [springfox.documentation.swagger2.web.Swagger2Controller#getDocumentation(String, HttpServletRequest)]
2020-04-17 23:52:34.465  INFO 19266 --- [restartedMain] o.s.s.concurrent.ThreadPoolTaskExecutor  : Initializing ExecutorService 'applicationTaskExecutor'
2020-04-17 23:52:34.701  INFO 19266 --- [restartedMain] d.s.w.p.DocumentationPluginsBootstrapper : Context refreshed
2020-04-17 23:52:34.736  INFO 19266 --- [restartedMain] d.s.w.p.DocumentationPluginsBootstrapper : Found 1 custom documentation plugin(s)
2020-04-17 23:52:34.765  INFO 19266 --- [restartedMain] s.d.s.w.s.ApiListingReferenceScanner     : Scanning for api listing references
2020-04-17 23:52:34.933  INFO 19266 --- [restartedMain] .d.s.w.r.o.CachingOperationNameGenerator : Generating unique operation named: findUsingGET_1
2020-04-17 23:52:34.993  INFO 19266 --- [restartedMain] o.s.b.w.embedded.tomcat.TomcatWebServer  : Tomcat started on port(s): 8080 (http) with context path ''
2020-04-17 23:52:34.995  INFO 19266 --- [restartedMain] com.oni.server.OniServerApplication      : Started OniServerApplication in 5.718 seconds (JVM running for 6.631)
2020-04-17 23:52:34.998  INFO 19266 --- [restartedMain] com.oni.server.OniServerApplication      : Oni Application Started ...
2020-04-17 23:52:48.132  INFO 19266 --- [http-nio-0.0.0.0-8080-exec-1] o.a.c.c.C.[Tomcat].[localhost].[/]       : Initializing Spring DispatcherServlet 'dispatcherServlet'
2020-04-17 23:52:48.132  INFO 19266 --- [http-nio-0.0.0.0-8080-exec-1] o.s.web.servlet.DispatcherServlet        : Initializing Servlet 'dispatcherServlet'
2020-04-17 23:52:48.144  INFO 19266 --- [http-nio-0.0.0.0-8080-exec-1] o.s.web.servlet.DispatcherServlet        : Completed initialization in 11 ms
2020-04-17 23:52:48.166  INFO 19266 --- [http-nio-0.0.0.0-8080-exec-1] c.o.s.interceptor.MyCustomInterceptor    : Request For Url is = /api/greeting
2020-04-17 23:52:56.419  INFO 19266 --- [RMI TCP Connection(3)-127.0.0.1] inMXBeanRegistrar$SpringApplicationAdmin : Application shutdown requested.
2020-04-17 23:52:56.422  INFO 19266 --- [RMI TCP Connection(3)-127.0.0.1] o.s.s.concurrent.ThreadPoolTaskExecutor  : Shutting down ExecutorService 'applicationTaskExecutor'
2020-04-17 23:52:56.424  INFO 19266 --- [RMI TCP Connection(3)-127.0.0.1] j.LocalContainerEntityManagerFactoryBean : Closing JPA EntityManagerFactory for persistence unit 'default'
2020-04-17 23:52:56.425  INFO 19266 --- [RMI TCP Connection(3)-127.0.0.1] .SchemaDropperImpl$DelayedDropActionImpl : HHH000477: Starting delayed evictData of schema as part of SessionFactory shut-down'
2020-04-17 23:52:56.430  INFO 19266 --- [RMI TCP Connection(3)-127.0.0.1] com.zaxxer.hikari.HikariDataSource       : HikariPool-1 - Shutdown initiated...
2020-04-17 23:52:56.447  INFO 19266 --- [RMI TCP Connection(3)-127.0.0.1] com.zaxxer.hikari.HikariDataSource       : HikariPool-1 - Shutdown completed.
2020-04-17 23:53:16.714  INFO 19371 --- [restartedMain] com.oni.server.OniServerApplication      : Starting OniServerApplication on aarti-IdeaPad with PID 19371 (/home/aarti/Development/projects/oni_applications/oni-server/target/classes started by aarti in /home/aarti/Development/projects/oni_applications/oni-server)
2020-04-17 23:53:16.720  INFO 19371 --- [restartedMain] com.oni.server.OniServerApplication      : No active profile set, falling back to default profiles: default
2020-04-17 23:53:16.781  INFO 19371 --- [restartedMain] o.s.b.devtools.restart.ChangeableUrls    : The Class-Path manifest attribute in /home/aarti/.m2/repository/org/glassfish/jaxb/jaxb-runtime/2.3.2/jaxb-runtime-2.3.2.jar referenced one or more files that do not exist: file:/home/aarti/.m2/repository/org/glassfish/jaxb/jaxb-runtime/2.3.2/jakarta.xml.bind-api-2.3.2.jar,file:/home/aarti/.m2/repository/org/glassfish/jaxb/jaxb-runtime/2.3.2/txw2-2.3.2.jar,file:/home/aarti/.m2/repository/org/glassfish/jaxb/jaxb-runtime/2.3.2/istack-commons-runtime-3.0.8.jar,file:/home/aarti/.m2/repository/org/glassfish/jaxb/jaxb-runtime/2.3.2/stax-ex-1.8.1.jar,file:/home/aarti/.m2/repository/org/glassfish/jaxb/jaxb-runtime/2.3.2/FastInfoset-1.2.16.jar,file:/home/aarti/.m2/repository/org/glassfish/jaxb/jaxb-runtime/2.3.2/jakarta.activation-api-1.2.1.jar
2020-04-17 23:53:16.782  INFO 19371 --- [restartedMain] .e.DevToolsPropertyDefaultsPostProcessor : Devtools property defaults active! Set 'spring.devtools.add-properties' to 'false' to disable
2020-04-17 23:53:16.782  INFO 19371 --- [restartedMain] .e.DevToolsPropertyDefaultsPostProcessor : For additional web related logging consider setting the 'logging.level.web' property to 'DEBUG'
2020-04-17 23:53:17.544  INFO 19371 --- [restartedMain] .s.d.r.c.RepositoryConfigurationDelegate : Bootstrapping Spring Data JPA repositories in DEFAULT mode.
2020-04-17 23:53:17.595  INFO 19371 --- [restartedMain] .s.d.r.c.RepositoryConfigurationDelegate : Finished Spring Data repository scanning in 42ms. Found 1 JPA repository interfaces.
2020-04-17 23:53:17.870  INFO 19371 --- [restartedMain] trationDelegate$BeanPostProcessorChecker : Bean 'org.springframework.transaction.annotation.ProxyTransactionManagementConfiguration' of type [org.springframework.transaction.annotation.ProxyTransactionManagementConfiguration] is not eligible for getting processed by all BeanPostProcessors (for example: not eligible for auto-proxying)
2020-04-17 23:53:18.075  INFO 19371 --- [restartedMain] o.s.b.w.embedded.tomcat.TomcatWebServer  : Tomcat initialized with port(s): 8080 (http)
2020-04-17 23:53:18.081  INFO 19371 --- [restartedMain] o.apache.catalina.core.StandardService   : Starting service [Tomcat]
2020-04-17 23:53:18.081  INFO 19371 --- [restartedMain] org.apache.catalina.core.StandardEngine  : Starting Servlet engine: [Apache Tomcat/9.0.30]
2020-04-17 23:53:18.178  INFO 19371 --- [restartedMain] o.a.c.c.C.[Tomcat].[localhost].[/]       : Initializing Spring embedded WebApplicationContext
2020-04-17 23:53:18.179  INFO 19371 --- [restartedMain] o.s.web.context.ContextLoader            : Root WebApplicationContext: initialization completed in 1397 ms
2020-04-17 23:53:18.344  INFO 19371 --- [restartedMain] o.hibernate.jpa.internal.util.LogHelper  : HHH000204: Processing PersistenceUnitInfo [name: default]
2020-04-17 23:53:18.392  INFO 19371 --- [restartedMain] org.hibernate.Version                    : HHH000412: Hibernate Core {5.4.10.Final}
2020-04-17 23:53:18.508  INFO 19371 --- [restartedMain] o.hibernate.annotations.common.Version   : HCANN000001: Hibernate Commons Annotations {5.1.0.Final}
2020-04-17 23:53:18.674  INFO 19371 --- [restartedMain] com.zaxxer.hikari.HikariDataSource       : HikariPool-1 - Starting...
2020-04-17 23:53:18.675  WARN 19371 --- [restartedMain] com.zaxxer.hikari.util.DriverDataSource  : Registered driver with driverClassName=com.mysql.jdbc.Driver was not found, trying direct instantiation.
2020-04-17 23:53:18.856  INFO 19371 --- [restartedMain] com.zaxxer.hikari.HikariDataSource       : HikariPool-1 - Start completed.
2020-04-17 23:53:18.867  INFO 19371 --- [restartedMain] org.hibernate.dialect.Dialect            : HHH000400: Using dialect: org.hibernate.dialect.MySQL5Dialect
2020-04-17 23:53:19.446  INFO 19371 --- [restartedMain] o.h.e.t.j.p.i.JtaPlatformInitiator       : HHH000490: Using JtaPlatform implementation: [org.hibernate.engine.transaction.jta.platform.internal.NoJtaPlatform]
2020-04-17 23:53:19.453  INFO 19371 --- [restartedMain] j.LocalContainerEntityManagerFactoryBean : Initialized JPA EntityManagerFactory for persistence unit 'default'
2020-04-17 23:53:19.485  INFO 19371 --- [restartedMain] o.s.b.d.a.OptionalLiveReloadServer       : LiveReload server is running on port 35729
2020-04-17 23:53:19.967  WARN 19371 --- [restartedMain] JpaBaseConfiguration$JpaWebConfiguration : spring.jpa.open-in-view is enabled by default. Therefore, database queries may be performed during view rendering. Explicitly configure spring.jpa.open-in-view to disable this warning
2020-04-17 23:53:20.119  INFO 19371 --- [restartedMain] pertySourcedRequestMappingHandlerMapping : Mapped URL path [/v2/api-docs] onto method [springfox.documentation.swagger2.web.Swagger2Controller#getDocumentation(String, HttpServletRequest)]
2020-04-17 23:53:20.282  INFO 19371 --- [restartedMain] o.s.s.concurrent.ThreadPoolTaskExecutor  : Initializing ExecutorService 'applicationTaskExecutor'
2020-04-17 23:53:20.468  INFO 19371 --- [restartedMain] d.s.w.p.DocumentationPluginsBootstrapper : Context refreshed
2020-04-17 23:53:20.483  INFO 19371 --- [restartedMain] d.s.w.p.DocumentationPluginsBootstrapper : Found 1 custom documentation plugin(s)
2020-04-17 23:53:20.523  INFO 19371 --- [restartedMain] s.d.s.w.s.ApiListingReferenceScanner     : Scanning for api listing references
2020-04-17 23:53:20.682  INFO 19371 --- [restartedMain] .d.s.w.r.o.CachingOperationNameGenerator : Generating unique operation named: findUsingGET_1
2020-04-17 23:53:20.780  INFO 19371 --- [restartedMain] o.s.b.w.embedded.tomcat.TomcatWebServer  : Tomcat started on port(s): 8080 (http) with context path ''
2020-04-17 23:53:20.782  INFO 19371 --- [restartedMain] com.oni.server.OniServerApplication      : Started OniServerApplication in 4.525 seconds (JVM running for 5.111)
2020-04-17 23:53:20.788  INFO 19371 --- [restartedMain] com.oni.server.OniServerApplication      : Oni Application Started ...
2020-04-17 23:53:26.897  INFO 19371 --- [http-nio-0.0.0.0-8080-exec-1] o.a.c.c.C.[Tomcat].[localhost].[/]       : Initializing Spring DispatcherServlet 'dispatcherServlet'
2020-04-17 23:53:26.897  INFO 19371 --- [http-nio-0.0.0.0-8080-exec-1] o.s.web.servlet.DispatcherServlet        : Initializing Servlet 'dispatcherServlet'
2020-04-17 23:53:26.920  INFO 19371 --- [http-nio-0.0.0.0-8080-exec-1] o.s.web.servlet.DispatcherServlet        : Completed initialization in 22 ms
2020-04-17 23:53:26.940  INFO 19371 --- [http-nio-0.0.0.0-8080-exec-1] c.o.s.interceptor.MyCustomInterceptor    : Request For Url is = /api/greeting
2020-04-17 23:53:35.552  INFO 19371 --- [http-nio-0.0.0.0-8080-exec-2] c.o.s.interceptor.MyCustomInterceptor    : Request For Url is = /api/user
2020-04-17 23:58:53.802  INFO 19371 --- [SpringContextShutdownHook] o.s.s.concurrent.ThreadPoolTaskExecutor  : Shutting down ExecutorService 'applicationTaskExecutor'
2020-04-17 23:58:53.807  INFO 19371 --- [SpringContextShutdownHook] j.LocalContainerEntityManagerFactoryBean : Closing JPA EntityManagerFactory for persistence unit 'default'
2020-04-17 23:58:53.807  INFO 19371 --- [SpringContextShutdownHook] .SchemaDropperImpl$DelayedDropActionImpl : HHH000477: Starting delayed evictData of schema as part of SessionFactory shut-down'
2020-04-17 23:58:53.930  WARN 19371 --- [SpringContextShutdownHook] com.zaxxer.hikari.pool.ProxyConnection   : HikariPool-1 - Connection com.mysql.cj.jdbc.ConnectionImpl@41ab73e3 marked as broken because of SQLSTATE(08S01), ErrorCode(0)

com.mysql.cj.jdbc.exceptions.CommunicationsException: Communications link failure

The last packet successfully received from the server was 15 milliseconds ago. The last packet sent successfully to the server was 15 milliseconds ago.
	at com.mysql.cj.jdbc.exceptions.SQLError.createCommunicationsException(SQLError.java:174) ~[mysql-connector-java-8.0.19.jar:8.0.19]
	at com.mysql.cj.jdbc.exceptions.SQLExceptionsMapping.translateException(SQLExceptionsMapping.java:64) ~[mysql-connector-java-8.0.19.jar:8.0.19]
	at com.mysql.cj.jdbc.ConnectionImpl.isReadOnly(ConnectionImpl.java:1414) ~[mysql-connector-java-8.0.19.jar:8.0.19]
	at com.mysql.cj.jdbc.ConnectionImpl.isReadOnly(ConnectionImpl.java:1399) ~[mysql-connector-java-8.0.19.jar:8.0.19]
	at com.mysql.cj.jdbc.StatementImpl.executeInternal(StatementImpl.java:678) ~[mysql-connector-java-8.0.19.jar:8.0.19]
	at com.mysql.cj.jdbc.StatementImpl.execute(StatementImpl.java:648) ~[mysql-connector-java-8.0.19.jar:8.0.19]
	at com.zaxxer.hikari.pool.ProxyStatement.execute(ProxyStatement.java:95) ~[HikariCP-3.4.2.jar:na]
	at com.zaxxer.hikari.pool.HikariProxyStatement.execute(HikariProxyStatement.java) [HikariCP-3.4.2.jar:na]
	at org.hibernate.tool.schema.internal.exec.GenerationTargetToDatabase.accept(GenerationTargetToDatabase.java:54) [hibernate-core-5.4.10.Final.jar:5.4.10.Final]
	at org.hibernate.tool.schema.internal.SchemaDropperImpl$DelayedDropActionImpl.perform(SchemaDropperImpl.java:536) [hibernate-core-5.4.10.Final.jar:5.4.10.Final]
	at org.hibernate.internal.SessionFactoryImpl.close(SessionFactoryImpl.java:833) [hibernate-core-5.4.10.Final.jar:5.4.10.Final]
	at sun.reflect.NativeMethodAccessorImpl.invoke0(Native Method) ~[na:1.8.0_45]
	at sun.reflect.NativeMethodAccessorImpl.invoke(NativeMethodAccessorImpl.java:62) ~[na:1.8.0_45]
	at sun.reflect.DelegatingMethodAccessorImpl.invoke(DelegatingMethodAccessorImpl.java:43) ~[na:1.8.0_45]
	at java.lang.reflect.Method.invoke(Method.java:497) ~[na:1.8.0_45]
	at org.springframework.orm.jpa.AbstractEntityManagerFactoryBean.invokeProxyMethod(AbstractEntityManagerFactoryBean.java:497) [spring-orm-5.2.3.RELEASE.jar:5.2.3.RELEASE]
	at org.springframework.orm.jpa.AbstractEntityManagerFactoryBean$ManagedEntityManagerFactoryInvocationHandler.invoke(AbstractEntityManagerFactoryBean.java:680) [spring-orm-5.2.3.RELEASE.jar:5.2.3.RELEASE]
	at com.sun.proxy.$Proxy97.close(Unknown Source) [na:na]
	at org.springframework.orm.jpa.AbstractEntityManagerFactoryBean.destroy(AbstractEntityManagerFactoryBean.java:600) [spring-orm-5.2.3.RELEASE.jar:5.2.3.RELEASE]
	at org.springframework.beans.factory.support.DisposableBeanAdapter.destroy(DisposableBeanAdapter.java:258) [spring-beans-5.2.3.RELEASE.jar:5.2.3.RELEASE]
	at org.springframework.beans.factory.support.DefaultSingletonBeanRegistry.destroyBean(DefaultSingletonBeanRegistry.java:571) [spring-beans-5.2.3.RELEASE.jar:5.2.3.RELEASE]
	at org.springframework.beans.factory.support.DefaultSingletonBeanRegistry.destroySingleton(DefaultSingletonBeanRegistry.java:543) [spring-beans-5.2.3.RELEASE.jar:5.2.3.RELEASE]
	at org.springframework.beans.factory.support.DefaultListableBeanFactory.destroySingleton(DefaultListableBeanFactory.java:1072) [spring-beans-5.2.3.RELEASE.jar:5.2.3.RELEASE]
	at org.springframework.beans.factory.support.DefaultSingletonBeanRegistry.destroySingletons(DefaultSingletonBeanRegistry.java:504) [spring-beans-5.2.3.RELEASE.jar:5.2.3.RELEASE]
	at org.springframework.beans.factory.support.DefaultListableBeanFactory.destroySingletons(DefaultListableBeanFactory.java:1065) [spring-beans-5.2.3.RELEASE.jar:5.2.3.RELEASE]
	at org.springframework.context.support.AbstractApplicationContext.destroyBeans(AbstractApplicationContext.java:1060) [spring-context-5.2.3.RELEASE.jar:5.2.3.RELEASE]
	at org.springframework.context.support.AbstractApplicationContext.doClose(AbstractApplicationContext.java:1029) [spring-context-5.2.3.RELEASE.jar:5.2.3.RELEASE]
	at org.springframework.context.support.AbstractApplicationContext$1.run(AbstractApplicationContext.java:948) [spring-context-5.2.3.RELEASE.jar:5.2.3.RELEASE]
Caused by: com.mysql.cj.exceptions.CJCommunicationsException: Communications link failure

The last packet successfully received from the server was 15 milliseconds ago. The last packet sent successfully to the server was 15 milliseconds ago.
	at sun.reflect.NativeConstructorAccessorImpl.newInstance0(Native Method) ~[na:1.8.0_45]
	at sun.reflect.NativeConstructorAccessorImpl.newInstance(NativeConstructorAccessorImpl.java:62) ~[na:1.8.0_45]
	at sun.reflect.DelegatingConstructorAccessorImpl.newInstance(DelegatingConstructorAccessorImpl.java:45) ~[na:1.8.0_45]
	at java.lang.reflect.Constructor.newInstance(Constructor.java:422) ~[na:1.8.0_45]
	at com.mysql.cj.exceptions.ExceptionFactory.createException(ExceptionFactory.java:61) ~[mysql-connector-java-8.0.19.jar:8.0.19]
	at com.mysql.cj.exceptions.ExceptionFactory.createException(ExceptionFactory.java:105) ~[mysql-connector-java-8.0.19.jar:8.0.19]
	at com.mysql.cj.exceptions.ExceptionFactory.createException(ExceptionFactory.java:151) ~[mysql-connector-java-8.0.19.jar:8.0.19]
	at com.mysql.cj.exceptions.ExceptionFactory.createCommunicationsException(ExceptionFactory.java:167) ~[mysql-connector-java-8.0.19.jar:8.0.19]
	at com.mysql.cj.protocol.a.NativeProtocol.readMessage(NativeProtocol.java:539) ~[mysql-connector-java-8.0.19.jar:8.0.19]
	at com.mysql.cj.protocol.a.NativeProtocol.checkErrorMessage(NativeProtocol.java:703) ~[mysql-connector-java-8.0.19.jar:8.0.19]
	at com.mysql.cj.protocol.a.NativeProtocol.sendCommand(NativeProtocol.java:642) ~[mysql-connector-java-8.0.19.jar:8.0.19]
	at com.mysql.cj.protocol.a.NativeProtocol.sendCommand(NativeProtocol.java:128) ~[mysql-connector-java-8.0.19.jar:8.0.19]
	at com.mysql.cj.NativeSession.sendCommand(NativeSession.java:311) ~[mysql-connector-java-8.0.19.jar:8.0.19]
	at com.mysql.cj.NativeSession.queryServerVariable(NativeSession.java:1008) ~[mysql-connector-java-8.0.19.jar:8.0.19]
	at com.mysql.cj.jdbc.ConnectionImpl.isReadOnly(ConnectionImpl.java:1406) ~[mysql-connector-java-8.0.19.jar:8.0.19]
	... 25 common frames omitted
Caused by: java.io.EOFException: Can not read response from server. Expected to read 4 bytes, read 0 bytes before connection was unexpectedly lost.
	at com.mysql.cj.protocol.FullReadInputStream.readFully(FullReadInputStream.java:67) ~[mysql-connector-java-8.0.19.jar:8.0.19]
	at com.mysql.cj.protocol.a.SimplePacketReader.readHeader(SimplePacketReader.java:63) ~[mysql-connector-java-8.0.19.jar:8.0.19]
	at com.mysql.cj.protocol.a.SimplePacketReader.readHeader(SimplePacketReader.java:45) ~[mysql-connector-java-8.0.19.jar:8.0.19]
	at com.mysql.cj.protocol.a.TimeTrackingPacketReader.readHeader(TimeTrackingPacketReader.java:52) ~[mysql-connector-java-8.0.19.jar:8.0.19]
	at com.mysql.cj.protocol.a.TimeTrackingPacketReader.readHeader(TimeTrackingPacketReader.java:41) ~[mysql-connector-java-8.0.19.jar:8.0.19]
	at com.mysql.cj.protocol.a.MultiPacketReader.readHeader(MultiPacketReader.java:54) ~[mysql-connector-java-8.0.19.jar:8.0.19]
	at com.mysql.cj.protocol.a.MultiPacketReader.readHeader(MultiPacketReader.java:44) ~[mysql-connector-java-8.0.19.jar:8.0.19]
	at com.mysql.cj.protocol.a.NativeProtocol.readMessage(NativeProtocol.java:533) ~[mysql-connector-java-8.0.19.jar:8.0.19]
	... 31 common frames omitted

2020-04-17 23:58:53.932 ERROR 19371 --- [SpringContextShutdownHook] .SchemaDropperImpl$DelayedDropActionImpl : HHH000478: Unsuccessful: 
    drop table if exists user
2020-04-17 23:58:53.939  INFO 19371 --- [SpringContextShutdownHook] com.zaxxer.hikari.HikariDataSource       : HikariPool-1 - Shutdown initiated...
2020-04-17 23:58:54.332  INFO 19371 --- [SpringContextShutdownHook] com.zaxxer.hikari.HikariDataSource       : HikariPool-1 - Shutdown completed.
